<?xml version="1.0" encoding="UTF-8"?>
<!-- Generated by org.testng.reporters.JUnitXMLReporter -->
<testsuite ignored="0" hostname="DESKTOP-ETD8MAO" failures="0" tests="4" name="Default test" time="12.242" errors="0" timestamp="2025-02-19T00:29:41 PST">
  <testcase classname="restassure_demo.allmethods" name="deletedata" time="7.757"/>
  <testcase classname="restassure_demo.allmethods" name="getdata" time="2.977"/>
  <testcase classname="restassure_demo.allmethods" name="postdata" time="0.521"/>
  <testcase classname="restassure_demo.allmethods" name="putdata" time="0.415"/>
</testsuite> <!-- Default test -->
