<?xml version="1.0" encoding="UTF-8"?>
<!-- Generated by org.testng.reporters.JUnitXMLReporter -->
<testsuite ignored="0" hostname="DESKTOP-ETD8MAO" failures="0" tests="4" name="Default test" time="5.937" errors="0" timestamp="2025-02-18T23:57:42 PST">
  <testcase classname="restassure_demo.allmethods" name="deletedata" time="3.604"/>
  <testcase classname="restassure_demo.allmethods" name="getdata" time="1.42"/>
  <testcase classname="restassure_demo.allmethods" name="postdata" time="0.413"/>
  <testcase classname="restassure_demo.allmethods" name="putdata" time="0.373"/>
</testsuite> <!-- Default test -->
