<?xml version="1.0" encoding="UTF-8"?>
<testng-results ignored="0" total="1" passed="1" failed="0" skipped="0">
  <reporter-output>
  </reporter-output>
  <suite started-at="2025-02-09T20:54:58 PST" name="Default suite" finished-at="2025-02-09T20:55:06 PST" duration-ms="7844">
    <groups>
    </groups>
    <test started-at="2025-02-09T20:54:58 PST" name="Default test" finished-at="2025-02-09T20:55:06 PST" duration-ms="7844">
      <class name="framework1.test.testexecution">
        <test-method is-config="true" signature="extendreportconfig()[pri:0, instance:framework1.test.testexecution@68e965f5]" started-at="2025-02-09T20:54:58 PST" name="extendreportconfig" finished-at="2025-02-09T20:54:59 PST" duration-ms="305" status="PASS">
          <reporter-output>
          </reporter-output>
        </test-method> <!-- extendreportconfig -->
        <test-method is-config="true" signature="base()[pri:0, instance:framework1.test.testexecution@68e965f5]" started-at="2025-02-09T20:54:59 PST" name="base" finished-at="2025-02-09T20:55:04 PST" duration-ms="5762" status="PASS">
          <reporter-output>
          </reporter-output>
        </test-method> <!-- base -->
        <test-method is-config="true" signature="declare()[pri:0, instance:framework1.test.testexecution@68e965f5]" started-at="2025-02-09T20:55:04 PST" name="declare" finished-at="2025-02-09T20:55:04 PST" duration-ms="2" status="PASS">
          <reporter-output>
          </reporter-output>
        </test-method> <!-- declare -->
        <test-method signature="Initialization()[pri:0, instance:framework1.test.testexecution@68e965f5]" started-at="2025-02-09T20:55:04 PST" name="Initialization" finished-at="2025-02-09T20:55:06 PST" duration-ms="1696" status="PASS">
          <reporter-output>
          </reporter-output>
        </test-method> <!-- Initialization -->
      </class> <!-- framework1.test.testexecution -->
    </test> <!-- Default test -->
  </suite> <!-- Default suite -->
</testng-results>
