<?xml version="1.0" encoding="UTF-8"?>
<!-- Generated by org.testng.reporters.JUnitReportReporter -->
<testsuite hostname="DESKTOP-ETD8MAO" failures="0" tests="2" name="framework1.test.testexecution" time="12.196" errors="0" timestamp="2025-02-26T21:28:51 PST" skipped="0">
  <testcase classname="framework1.test.testexecution" name="demo" time="0.010"/>
  <system-out/>
  <testcase classname="framework1.test.testexecution" name="Initialization" time="12.186"/>
  <system-out/>
</testsuite> <!-- framework1.test.testexecution -->
